<?xml version="1.0" encoding="UTF-8"?>
<testng-results ignored="1" total="3" passed="1" failed="1" skipped="0">
  <reporter-output>
  </reporter-output>
  <suite started-at="2019-08-03T22:42:14Z" name="TestNGProject by groups" finished-at="2019-08-03T22:42:14Z" duration-ms="47">
    <groups>
      <group name="smoke">
        <method signature="Testing3.homeTest()[pri:1, instance:selenium.Testing3@3bd82cf5]" name="homeTest" class="selenium.Testing3"/>
        <method signature="Testing3.mainTest()[pri:2, instance:selenium.Testing3@3bd82cf5]" name="mainTest" class="selenium.Testing3"/>
      </group> <!-- smoke -->
      <group name="sanity">
        <method signature="Testing3.mainTest()[pri:2, instance:selenium.Testing3@3bd82cf5]" name="mainTest" class="selenium.Testing3"/>
      </group> <!-- sanity -->
    </groups>
    <test started-at="2019-08-03T22:42:14Z" name="GRP-smoke,sanity" finished-at="2019-08-03T22:42:14Z" duration-ms="47">
      <class name="selenium.Testing3">
        <test-method signature="homeTest()[pri:1, instance:selenium.Testing3@3bd82cf5]" started-at="2019-08-03T22:42:14Z" name="homeTest" finished-at="2019-08-03T22:42:14Z" duration-ms="13" status="PASS">
          <reporter-output>
          </reporter-output>
        </test-method> <!-- homeTest -->
        <test-method signature="mainTest()[pri:2, instance:selenium.Testing3@3bd82cf5]" started-at="2019-08-03T22:42:14Z" name="mainTest" finished-at="2019-08-03T22:42:14Z" depends-on-methods="selenium.Testing3.homeTest" duration-ms="6" status="FAIL">
          <exception class="java.lang.AssertionError">
            <message>
              <![CDATA[expected [abc1] but found [abc]]]>
            </message>
            <full-stacktrace>
              <![CDATA[java.lang.AssertionError: expected [abc1] but found [abc]
at org.testng.Assert.fail(Assert.java:96)
at org.testng.Assert.failNotEquals(Assert.java:776)
at org.testng.Assert.assertEqualsImpl(Assert.java:137)
at org.testng.Assert.assertEquals(Assert.java:118)
at org.testng.Assert.assertEquals(Assert.java:453)
at org.testng.Assert.assertEquals(Assert.java:463)
at selenium.Testing3.mainTest(Testing3.java:25)
at java.base/jdk.internal.reflect.NativeMethodAccessorImpl.invoke0(Native Method)
at java.base/jdk.internal.reflect.NativeMethodAccessorImpl.invoke(NativeMethodAccessorImpl.java:62)
at java.base/jdk.internal.reflect.DelegatingMethodAccessorImpl.invoke(DelegatingMethodAccessorImpl.java:43)
at java.base/java.lang.reflect.Method.invoke(Method.java:566)
at org.testng.internal.MethodInvocationHelper.invokeMethod(MethodInvocationHelper.java:124)
at org.testng.internal.Invoker.invokeMethod(Invoker.java:583)
at org.testng.internal.Invoker.invokeTestMethod(Invoker.java:719)
at org.testng.internal.Invoker.invokeTestMethods(Invoker.java:989)
at org.testng.internal.TestMethodWorker.invokeTestMethods(TestMethodWorker.java:125)
at org.testng.internal.TestMethodWorker.run(TestMethodWorker.java:109)
at org.testng.TestRunner.privateRun(TestRunner.java:648)
at org.testng.TestRunner.run(TestRunner.java:505)
at org.testng.SuiteRunner.runTest(SuiteRunner.java:455)
at org.testng.SuiteRunner.runSequentially(SuiteRunner.java:450)
at org.testng.SuiteRunner.privateRun(SuiteRunner.java:415)
at org.testng.SuiteRunner.run(SuiteRunner.java:364)
at org.testng.SuiteRunnerWorker.runSuite(SuiteRunnerWorker.java:52)
at org.testng.SuiteRunnerWorker.run(SuiteRunnerWorker.java:84)
at org.testng.TestNG.runSuitesSequentially(TestNG.java:1208)
at org.testng.TestNG.runSuitesLocally(TestNG.java:1137)
at org.testng.TestNG.runSuites(TestNG.java:1049)
at org.testng.TestNG.run(TestNG.java:1017)
at org.testng.remote.AbstractRemoteTestNG.run(AbstractRemoteTestNG.java:115)
at org.testng.remote.RemoteTestNG.initAndRun(RemoteTestNG.java:251)
at org.testng.remote.RemoteTestNG.main(RemoteTestNG.java:77)
]]>
            </full-stacktrace>
          </exception> <!-- java.lang.AssertionError -->
          <reporter-output>
          </reporter-output>
        </test-method> <!-- mainTest -->
      </class> <!-- selenium.Testing3 -->
    </test> <!-- GRP-smoke,sanity -->
  </suite> <!-- TestNGProject by groups -->
</testng-results>
